{"message":"Unauthorized request to path: /","level":"error"}
{"message":"Unauthorized request to path: /favicon.ico","level":"error"}
{"message":"title is required","level":"error"}
{"message":"title is required","level":"error"}
{"message":"Invalid rating '5' supplied","level":"error"}
{"message":"Bookmark with id 053adc94-ebfd-4999-83a0-72ddd6b4aa83 created.","level":"info"}
{"message":"Invalid rating '9' supplied","level":"error"}
{"message":"Bookmark with id c83249a8-7828-4c94-8b62-ba5d7ee105f7\n not found.","level":"error"}
{"message":"Bookmark with id 5a60f6a7-be15-4b7a-b74c-7fbf65e1b335\n not found.","level":"error"}
{"message":"Bookmark with id 5a60f6a7-be15-4b7a-b74c-7fbf65e1b335\n not found.","level":"error"}
{"message":"Bookmark with id 5a60f6a7-be15-4b7a-b74c-7fbf65e1b335\n not found.","level":"error"}
{"message":"Bookmark with id 5af1daff-6c13-45ff-a331-5150aef0bed7\n not found.","level":"error"}
{"message":"Bookmark with id 5af1daff-6c13-45ff-a331-5150aef0bed7\n not found.","level":"error"}
{"message":"Bookmark with id dec908b2-5548-4141-85a5-82a0e8028fb5\n not found.","level":"error"}
{"message":"Bookmark with id d97548d6-8fbe-4a76-9486-47785e8f9693\n not found.","level":"error"}
{"message":"Bookmark with id 1234\n not found.","level":"error"}
{"message":"Bookmark with id 1234\n not found.","level":"error"}
{"message":"Bookmark with id 1234\n not found.","level":"error"}
{"message":"Bookmark with id 1234\n not found.","level":"error"}
{"message":"Bookmark with id 1234\n deleted.","level":"info"}
{"message":"Invalid rating '9' supplied","level":"error"}
{"message":"Bookmark with id d58b7e9a-43ab-41ca-811b-b9904e0b8797 created.","level":"info"}
{"message":"Bookmark with id d58b7e9a-43ab-41ca-811b-b9904e0b8797\n deleted.","level":"info"}
{"message":"Bookmark with id 885b810f-b397-4e71-bdd4-cc3d97d33239 created.","level":"info"}
{"message":"Bookmark with id 3acf3b98-1ca0-4efd-8ec8-2aeeca719b8c created.","level":"info"}
{"message":"Bookmark with id 61919f56-95f0-4d10-90dc-861e4787cb33 created.","level":"info"}
{"message":"Bookmark with id 61919f56-95f0-4d10-90dc-861e4787cb33\n not found.","level":"error"}
{"message":"Bookmark with id 885b810f-b397-4e71-bdd4-cc3d97d33239\n not found.","level":"error"}
{"message":"Bookmark with id bd262683-c791-4dce-bc2d-1c7d790187a6 created.","level":"info"}
{"message":"Bookmark with id 55910cde-1e00-4c05-af76-a2bd2ae23754 created.","level":"info"}
{"message":"Bookmark with id dc464dad-1e18-4aa8-ac1f-dc1c81c79e92 created.","level":"info"}
{"message":"Bookmark with id dc464dad-1e18-4aa8-ac1f-dc1c81c79e92\n deleted.","level":"info"}
{"message":"Bookmark with id 55910cde-1e00-4c05-af76-a2bd2ae23754\n deleted.","level":"info"}
{"message":"Bookmark with id bd262683-c791-4dce-bc2d-1c7d790187a6\n deleted.","level":"info"}
{"message":"Bookmark with id 1234\n not found.","level":"error"}
{"message":"Bookmark with id dac1359f-a5f4-4d89-ab15-749490792ab9 created.","level":"info"}
{"message":"Bookmark with id dac1359f-a5f4-4d89-ab15-749490792ab9\n not found.","level":"error"}
{"message":"Bookmark with id \"dac1359f-a5f4-4d89-ab15-749490792ab9\"\n not found.","level":"error"}
{"message":"Bookmark with id 1234\n deleted.","level":"info"}
{"message":"Bookmark with id 0e625f8e-d6f2-4cf8-a43f-18892f52238a created","level":"info"}
{"message":"Bookmark with id 6f6293bb-ac31-4b80-ad3d-2aa87eb545d5 created","level":"info"}
{"message":"Bookmark with id b3fff5e6-55b4-4f92-a866-daef9c68025d created","level":"info"}
{"message":"Bookmark with id cfada51a-6cdf-49c6-b814-7bf1d8500df8 created","level":"info"}
{"message":"Bookmark with id cfada51a-6cdf-49c6-b814-7bf1d8500df8\n not found.","level":"error"}
{"message":"Bookmark with id 1234\n not found.","level":"error"}
{"message":"Bookmark with id \n not found.","level":"error"}
{"message":"Bookmark with id \n not found.","level":"error"}
{"message":"Bookmark with id \n not found.","level":"error"}
{"message":"Bookmark with id \n not found.","level":"error"}
{"message":"Bookmark with id \n not found.","level":"error"}
{"message":"Bookmark with id \n not found.","level":"error"}
{"message":"Bookmark with id \n not found.","level":"error"}
{"message":"Bookmark with id \n not found.","level":"error"}
{"message":"Bookmark with id \n not found.","level":"error"}
{"message":"Bookmark with id \n not found.","level":"error"}
{"message":"Bookmark with id \n not found.","level":"error"}
{"message":"Bookmark with id \n not found.","level":"error"}
{"message":"Bookmark with id \n not found.","level":"error"}
{"message":"Bookmark with id 072885e4-fd3d-4771-bb5e-c8d025ec0fc3 created","level":"info"}
